(---------------------------------------------------------------------)
(                                                                     )
(    DBDOCTOR                                                         )
(                                                                     )
(    Drawing          : rbbb pro.brd                                  )
(    Software Version : 25.1S010                                      )
(    Date/Time        : Tue Jan 20 06:31:50 2026                      )
(                                                                     )
(---------------------------------------------------------------------)



Regenerating DRC
  Original DRC errors:   0
  Updated DRC errors:    0
  DRC elapsed time:      00:00:01

0 warnings, 0 errors detected, 0 errors  fixed.

Number of Xnets before update: 0        after update: 0
Number of Diff Pairs before update: 0   after update: 0

Saved drawing C:/Awork/orCAD/RBB Pro/allegro/rbbb pro_1.brd.


<<< Design Uprev Warnings >>>

Tue Jan 20 06:31:50 2026				Page     1


Performing DRC...
No DRC errors detected.
