(---------------------------------------------------------------------)
(                                                                     )
(    Allegro Netrev Import Logic                                      )
(                                                                     )
(    Drawing          : rbbb pro.brd                                  )
(    Software Version : 25.1S010                                      )
(    Date/Time        : Sat Feb  7 16:09:13 2026                      )
(                                                                     )
(---------------------------------------------------------------------)


------ Directives ------------

Ripup etch:                  No
Ripup delete first segment:  No
Ripup retain bondwire:       No
Ripup symbols:               Always
Missing symbol has error:    No
DRC update:                  Yes
Schematic directory:         'C:\Awork\orCAD\RBB Pro\allegro'
Design Directory:            'C:/Awork/orCAD/RBB Pro/allegro'
Old design name:             'C:/Awork/orCAD/RBB Pro/allegro/rbbb pro.brd'
New design name:             'C:/Awork/orCAD/RBB Pro/allegro/rbbb pro.brd'

CmdLine: netrev -i C:\Awork\orCAD\RBB Pro\allegro -y 1 -q netrev_constraint_report.xml C:/Awork/orCAD/RBB Pro/allegro/#Taaaaan18272.tmp

------ Preparing to read pst files ------

Starting to read C:/Awork/orCAD/RBB Pro/allegro/pstchip.dat 
   Finished reading C:/Awork/orCAD/RBB Pro/allegro/pstchip.dat (00:00:00.02)
Starting to read C:/Awork/orCAD/RBB Pro/allegro/pstxprt.dat 
   Finished reading C:/Awork/orCAD/RBB Pro/allegro/pstxprt.dat (00:00:00.00)
Starting to read C:/Awork/orCAD/RBB Pro/allegro/pstxnet.dat 
   Finished reading C:/Awork/orCAD/RBB Pro/allegro/pstxnet.dat (00:00:00.00)

------ Oversights/Warnings/Errors ------


------ Library Paths ------
MODULEPATH =  . 
           C:/Cadence/OrCADX_25.1/share/local/pcb/modules 

PSMPATH =  . 
           symbols 
           .. 
           ../symbols 
           C:/Cadence/OrCADX_25.1/share/local/pcb/symbols 
           C:/Cadence/OrCADX_25.1/share/pcb/pcb_lib/symbols 
           C:/Cadence/OrCADX_25.1/share/pcb/allegrolib/symbols 

PADPATH =  . 
           symbols 
           .. 
           ../symbols 
           C:/Cadence/OrCADX_25.1/share/local/pcb/padstacks 
           C:/Cadence/OrCADX_25.1/share/pcb/pcb_lib/symbols 
           C:/Cadence/OrCADX_25.1/share/pcb/allegrolib/symbols 


------ Summary Statistics ------


netrev run on Feb 7 16:09:13 2026
   DESIGN NAME : 'RBBB PRO'
   PACKAGING ON Nov 23 2025 21:41:24

   COMPILE 'logic'
   CHECK_PIN_NAMES OFF
   CROSS_REFERENCE OFF
   FEEDBACK OFF
   INCREMENTAL OFF
   INTERFACE_TYPE PHYSICAL
   MAX_ERRORS 500
   MERGE_MINIMUM 5
   NET_NAME_CHARS '#%&()*+-./:=>?@[]^_`|'
   NET_NAME_LENGTH 24
   OVERSIGHTS ON
   REPLACE_CHECK OFF
   SINGLE_NODE_NETS ON
   SPLIT_MINIMUM 0
   SUPPRESS   20
   WARNINGS ON

 No error detected
 No oversight detected
 No warning detected

cpu time      0:00:24
elapsed time  0:00:00

